<?xml version="1.0" encoding="utf-8"?><testsuites name="pytest tests"><testsuite name="pytest" errors="0" failures="0" skipped="0" tests="2" time="1.575" timestamp="2026-09-01T21:20:01.743602+00:00" hostname="agent-env-eb07af77-979b-485b-92f3-ba194c713f73"><testcase classname="tests.test_safesphere_regression" name="test_api_root_and_financial" time="0.725" /><testcase classname="tests.test_safesphere_regression" name="test_demo_analysis_and_invalid_coordinates" time="0.278" /></testsuite></testsuites>